2025-03-28 17:11:00 | INFO | repo=arquillian-phantom-driver | action=commit
2025-01-11 15:24:00 | DEBUG | repo=arquillian-phantom-driver | action=commit
2025-10-20 11:06:00 | DEBUG | repo=arquillian-phantom-driver | action=commit
2025-05-09 13:05:00 | DEBUG | repo=arquillian-phantom-driver | action=commit
2025-05-22 14:14:00 | WARN | repo=arquillian-phantom-driver | action=test | passed=true
2025-07-14 19:07:00 | DEBUG | repo=arquillian-phantom-driver | action=commit
2025-07-22 07:51:00 | WARN | repo=arquillian-phantom-driver | action=commit
2025-08-20 15:27:00 | DEBUG | repo=arquillian-phantom-driver | action=commit
2025-02-21 19:19:00 | INFO | repo=arquillian-phantom-driver | action=commit
2025-06-26 11:30:00 | DEBUG | repo=arquillian-phantom-driver | action=edit | files=3
2025-06-09 18:38:00 | DEBUG | repo=arquillian-phantom-driver | action=commit
2025-07-12 07:13:00 | DEBUG | repo=arquillian-phantom-driver | action=commit
2025-05-27 17:24:00 | INFO | repo=arquillian-phantom-driver | action=commit
2025-12-05 18:25:00 | WARN | repo=arquillian-phantom-driver | action=test | passed=true
2025-09-05 07:12:00 | INFO | repo=arquillian-phantom-driver | action=pull
2025-11-12 07:35:00 | WARN | repo=arquillian-phantom-driver | action=pull
2025-12-12 11:44:00 | WARN | repo=arquillian-phantom-driver | action=commit
2025-11-27 08:36:00 | DEBUG | repo=arquillian-phantom-driver | action=commit
2025-07-01 13:44:00 | INFO | repo=arquillian-phantom-driver | action=commit
2025-09-09 19:12:00 | INFO | repo=arquillian-phantom-driver | action=pull
2025-01-10 07:58:00 | DEBUG | repo=arquillian-phantom-driver | action=edit | files=3
2025-03-05 13:52:00 | DEBUG | repo=arquillian-phantom-driver | action=test | passed=true
2025-09-08 09:58:00 | DEBUG | repo=arquillian-phantom-driver | action=commit
2025-03-10 20:05:00 | WARN | repo=arquillian-phantom-driver | action=commit
2025-12-16 07:19:00 | WARN | repo=arquillian-phantom-driver | action=commit
2025-05-03 08:17:00 | INFO | repo=arquillian-phantom-driver | action=commit
2025-04-09 10:10:00 | INFO | repo=arquillian-phantom-driver | action=test | passed=true
2025-07-05 14:29:00 | DEBUG | repo=arquillian-phantom-driver | action=pull
2025-05-01 15:30:00 | INFO | repo=arquillian-phantom-driver | action=pull
2025-09-11 20:19:00 | DEBUG | repo=arquillian-phantom-driver | action=commit
2025-01-06 21:41:00 | DEBUG | repo=arquillian-phantom-driver | action=commit
2025-05-13 09:18:00 | WARN | repo=arquillian-phantom-driver | action=edit | files=2
2025-01-24 10:39:00 | WARN | repo=arquillian-phantom-driver | action=commit
2025-08-26 08:17:00 | DEBUG | repo=arquillian-phantom-driver | action=pull
2025-04-16 08:24:00 | WARN | repo=arquillian-phantom-driver | action=commit
